ui_main - INFO - Installing Project Zomboid server to C:/pzserver using SteamCMD from C:/steamcmd
ui_main - INFO - Saved PZServer path to config: C:/pzserver
ui_main - DEBUG - Starting Project Zomboid server installation in C:/pzserver using SteamCMD from C:/steamcmd
ui_main - DEBUG - Installing Project Zomboid Dedicated Server...
ui_main - DEBUG - Created install script: C:/pzserver\install_pz_server.bat
ui_main - DEBUG - Steam Console Client (c) Valve Corporation - version 1721172922
ui_main - DEBUG - -- type 'quit' to exit --
ui_main - DEBUG - Loading Steam API...OK
ui_main - DEBUG - 
ui_main - DEBUG - Connecting anonymously to Steam Public...OK
ui_main - DEBUG - Waiting for client config...OK
ui_main - DEBUG - Waiting for user info...OK
ui_main - DEBUG - Update state (0x3) reconfiguring, progress: 0.00 (0 / 0)
ui_main - DEBUG - Update state (0x61) downloading, progress: 0.00 (0 / 5367532668)
ui_main - DEBUG - Update state (0x61) downloading, progress: 0.87 (46727128 / 5367532668)
ui_main - DEBUG - Update state (0x61) downloading, progress: 1.13 (60556699 / 5367532668)
ui_main - DEBUG - Update state (0x61) downloading, progress: 1.21 (65130520 / 5367532668)
ui_main - DEBUG - Update state (0x61) downloading, progress: 1.44 (77357802 / 5367532668)
ui_main - DEBUG - Update state (0x61) downloading, progress: 2.02 (108445101 / 5367532668)
ui_main - DEBUG - Update state (0x61) downloading, progress: 2.74 (147039920 / 5367532668)
ui_main - DEBUG - Update state (0x61) downloading, progress: 3.66 (196633890 / 5367532668)
ui_main - DEBUG - Update state (0x61) downloading, progress: 5.46 (293085592 / 5367532668)
ui_main - DEBUG - Update state (0x61) downloading, progress: 8.28 (444316006 / 5367532668)
ui_main - DEBUG - Update state (0x61) downloading, progress: 9.38 (503610067 / 5367532668)
ui_main - DEBUG - Update state (0x61) downloading, progress: 10.34 (555215086 / 5367532668)
ui_main - DEBUG - Update state (0x61) downloading, progress: 11.16 (599225722 / 5367532668)
ui_main - DEBUG - Update state (0x61) downloading, progress: 12.58 (675011772 / 5367532668)
ui_main - DEBUG - Update state (0x61) downloading, progress: 15.49 (831247692 / 5367532668)
ui_main - DEBUG - Update state (0x61) downloading, progress: 19.35 (1038606137 / 5367532668)
ui_main - DEBUG - Update state (0x61) downloading, progress: 23.31 (1251199525 / 5367532668)
ui_main - DEBUG - Update state (0x61) downloading, progress: 26.27 (1410108521 / 5367532668)
ui_main - DEBUG - Update state (0x61) downloading, progress: 27.68 (1485847545 / 5367532668)
ui_main - DEBUG - Update state (0x61) downloading, progress: 29.73 (1595940620 / 5367532668)
ui_main - DEBUG - Update state (0x61) downloading, progress: 30.54 (1639161376 / 5367532668)
ui_main - DEBUG - Update state (0x61) downloading, progress: 31.45 (1688151641 / 5367532668)
ui_main - DEBUG - Update state (0x61) downloading, progress: 32.20 (1728130465 / 5367532668)
ui_main - DEBUG - Update state (0x61) downloading, progress: 32.25 (1730766432 / 5367532668)
ui_main - DEBUG - Update state (0x61) downloading, progress: 34.14 (1832629339 / 5367532668)
ui_main - DEBUG - Update state (0x61) downloading, progress: 37.61 (2018695406 / 5367532668)
ui_main - DEBUG - Update state (0x61) downloading, progress: 46.81 (2512440998 / 5367532668)
ui_main - DEBUG - Update state (0x61) downloading, progress: 51.52 (2765395678 / 5367532668)
ui_main - DEBUG - Update state (0x61) downloading, progress: 53.98 (2897208424 / 5367532668)
ui_main - DEBUG - Update state (0x61) downloading, progress: 55.07 (2955810886 / 5367532668)
ui_main - DEBUG - Update state (0x61) downloading, progress: 55.96 (3003616105 / 5367532668)
ui_main - DEBUG - Update state (0x61) downloading, progress: 57.04 (3061420663 / 5367532668)
ui_main - DEBUG - Update state (0x61) downloading, progress: 62.64 (3361959571 / 5367532668)
ui_main - DEBUG - Update state (0x61) downloading, progress: 66.74 (3582261689 / 5367532668)
ui_main - DEBUG - Update state (0x61) downloading, progress: 67.99 (3649299871 / 5367532668)
ui_main - DEBUG - Update state (0x61) downloading, progress: 69.08 (3707951886 / 5367532668)
ui_main - DEBUG - Update state (0x61) downloading, progress: 69.78 (3745587619 / 5367532668)
ui_main - DEBUG - Update state (0x61) downloading, progress: 71.03 (3812824087 / 5367532668)
ui_main - DEBUG - Update state (0x61) downloading, progress: 71.69 (3848048531 / 5367532668)
ui_main - DEBUG - Update state (0x61) downloading, progress: 79.63 (4274265544 / 5367532668)
ui_main - DEBUG - Update state (0x61) downloading, progress: 86.75 (4656076190 / 5367532668)
ui_main - DEBUG - Update state (0x61) downloading, progress: 89.18 (4786752132 / 5367532668)
ui_main - DEBUG - Update state (0x61) downloading, progress: 91.66 (4919878611 / 5367532668)
ui_main - DEBUG - Update state (0x61) downloading, progress: 94.60 (5077532617 / 5367532668)
ui_main - DEBUG - Update state (0x61) downloading, progress: 95.20 (5110152345 / 5367532668)
ui_main - DEBUG - Update state (0x61) downloading, progress: 95.23 (5111604144 / 5367532668)
ui_main - DEBUG - Update state (0x61) downloading, progress: 97.62 (5239783987 / 5367532668)
ui_main - DEBUG - Update state (0x61) downloading, progress: 99.81 (5357440702 / 5367532668)
ui_main - DEBUG - Update state (0x81) verifying update, progress: 1.05 (56434516 / 5367532668)
ui_main - DEBUG - Update state (0x81) verifying update, progress: 1.25 (67032182 / 5367532668)
ui_main - DEBUG - Update state (0x81) verifying update, progress: 1.28 (68781630 / 5367532668)
ui_main - DEBUG - Update state (0x81) verifying update, progress: 1.31 (70051120 / 5367532668)
ui_main - DEBUG - Update state (0x81) verifying update, progress: 1.33 (71613512 / 5367532668)
ui_main - DEBUG - Update state (0x81) verifying update, progress: 1.38 (74061947 / 5367532668)
ui_main - DEBUG - Update state (0x81) verifying update, progress: 1.42 (76093253 / 5367532668)
ui_main - DEBUG - Update state (0x81) verifying update, progress: 1.45 (77644790 / 5367532668)
ui_main - DEBUG - Update state (0x81) verifying update, progress: 1.47 (79155507 / 5367532668)
ui_main - DEBUG - Update state (0x81) verifying update, progress: 1.49 (80146632 / 5367532668)
ui_main - DEBUG - Update state (0x81) verifying update, progress: 1.50 (80596649 / 5367532668)
ui_main - DEBUG - Update state (0x81) verifying update, progress: 1.85 (99077090 / 5367532668)
ui_main - DEBUG - Update state (0x81) verifying update, progress: 3.77 (202191423 / 5367532668)
ui_main - DEBUG - Update state (0x81) verifying update, progress: 5.79 (311037189 / 5367532668)
ui_main - DEBUG - Update state (0x81) verifying update, progress: 7.46 (400522905 / 5367532668)
ui_main - DEBUG - Update state (0x81) verifying update, progress: 8.79 (471797246 / 5367532668)
ui_main - DEBUG - Update state (0x81) verifying update, progress: 12.03 (645513802 / 5367532668)
ui_main - DEBUG - Update state (0x81) verifying update, progress: 14.04 (753538033 / 5367532668)
ui_main - DEBUG - Update state (0x81) verifying update, progress: 14.22 (763413979 / 5367532668)
ui_main - DEBUG - Update state (0x81) verifying update, progress: 14.32 (768369233 / 5367532668)
ui_main - DEBUG - Update state (0x81) verifying update, progress: 14.72 (790007316 / 5367532668)
ui_main - DEBUG - Update state (0x81) verifying update, progress: 15.43 (828437236 / 5367532668)
ui_main - DEBUG - Update state (0x81) verifying update, progress: 15.49 (831471816 / 5367532668)
ui_main - DEBUG - Update state (0x81) verifying update, progress: 15.56 (835245254 / 5367532668)
ui_main - DEBUG - Update state (0x81) verifying update, progress: 15.72 (843791134 / 5367532668)
ui_main - DEBUG - Update state (0x81) verifying update, progress: 15.74 (844752981 / 5367532668)
ui_main - DEBUG - Update state (0x81) verifying update, progress: 15.77 (846320842 / 5367532668)
ui_main - DEBUG - Update state (0x81) verifying update, progress: 15.84 (850239100 / 5367532668)
ui_main - DEBUG - Update state (0x81) verifying update, progress: 19.14 (1027211455 / 5367532668)
ui_main - DEBUG - Update state (0x81) verifying update, progress: 35.60 (1910985175 / 5367532668)
ui_main - DEBUG - Update state (0x81) verifying update, progress: 52.13 (2798178651 / 5367532668)
ui_main - DEBUG - Update state (0x81) verifying update, progress: 68.57 (3680422363 / 5367532668)
ui_main - DEBUG - Update state (0x81) verifying update, progress: 84.70 (4546305723 / 5367532668)
ui_main - DEBUG - Update state (0x81) verifying update, progress: 92.17 (4947195049 / 5367532668)
ui_main - DEBUG - Update state (0x81) verifying update, progress: 93.02 (4993137902 / 5367532668)
ui_main - DEBUG - Update state (0x81) verifying update, progress: 93.45 (5016203356 / 5367532668)
ui_main - DEBUG - Update state (0x81) verifying update, progress: 95.27 (5113429471 / 5367532668)
ui_main - DEBUG - Update state (0x101) committing, progress: 11.82 (634316283 / 5367532668)
ui_main - DEBUG - Update state (0x101) committing, progress: 91.73 (4923716291 / 5367532668)
ui_main - DEBUG - Success! App '380870' fully installed.
ui_main - DEBUG - Redirecting stderr to 'C:\steamcmd\logs\stderr.txt'
ui_main - DEBUG - Logging directory: 'C:\steamcmd/logs'
ui_main - DEBUG - [  0%] Проверка на наличие обновлений...
ui_main - DEBUG - [----] Проверка установки...
ui_main - DEBUG - Installation failed with code: None
ui_main - DEBUG - quit
